[debug] [2023-12-28T08:06:33.402Z] ----------------------------------------------------------------------
[debug] [2023-12-28T08:06:33.412Z] Command:       C:\Program Files\nodejs\node.exe C:\Users\dhanv\AppData\Roaming\npm\node_modules\firebase-tools\lib\bin\firebase.js deploy
[debug] [2023-12-28T08:06:33.412Z] CLI Version:   13.0.2
[debug] [2023-12-28T08:06:33.413Z] Platform:      win32
[debug] [2023-12-28T08:06:33.413Z] Node Version:  v20.10.0
[debug] [2023-12-28T08:06:33.413Z] Time:          Thu Dec 28 2023 13:36:33 GMT+0530 (India Standard Time)
[debug] [2023-12-28T08:06:33.413Z] ----------------------------------------------------------------------
[debug] 
[debug] [2023-12-28T08:06:33.479Z] > command requires scopes: ["email","openid","https://www.googleapis.com/auth/cloudplatformprojects.readonly","https://www.googleapis.com/auth/firebase","https://www.googleapis.com/auth/cloud-platform"]
[debug] [2023-12-28T08:06:33.480Z] > authorizing via signed-in user (dhanvithsam@gmail.com)
[debug] [2023-12-28T08:06:33.480Z] [iam] checking project dhanvith-48023 for permissions ["firebase.projects.get","firebasehosting.sites.update"]
[debug] [2023-12-28T08:06:33.481Z] > refreshing access token with scopes: []
[debug] [2023-12-28T08:06:33.482Z] >>> [apiv2][query] POST https://www.googleapis.com/oauth2/v3/token [none]
[debug] [2023-12-28T08:06:33.483Z] >>> [apiv2][body] POST https://www.googleapis.com/oauth2/v3/token [omitted]
[debug] [2023-12-28T08:06:33.572Z] *** [apiv2] error from fetch(https://www.googleapis.com/oauth2/v3/token, {"headers":{},"method":"POST","body":{"_overheadLength":545,"_valueLength":212,"_valuesToMeasure":[],"writable":false,"readable":true,"dataSize":0,"maxDataSize":2097152,"pauseStreams":true,"_released":true,"_streams":[],"_currentStream":null,"_insideLoop":false,"_pendingNext":false,"_boundary":"--------------------------119252020686640586078326","_events":{},"_eventsCount":1}}): FetchError: request to https://www.googleapis.com/oauth2/v3/token failed, reason: getaddrinfo ENOTFOUND www.googleapis.com
[debug] [2023-12-28T08:06:33.573Z] [iam] error while checking permissions, command may fail: FirebaseError: Authentication Error: Your credentials are no longer valid. Please run firebase login --reauth

For CI servers and headless environments, generate a new token with firebase login:ci
[debug] [2023-12-28T08:06:33.573Z] > refreshing access token with scopes: []
[debug] [2023-12-28T08:06:33.574Z] >>> [apiv2][query] POST https://www.googleapis.com/oauth2/v3/token [none]
[debug] [2023-12-28T08:06:33.574Z] >>> [apiv2][body] POST https://www.googleapis.com/oauth2/v3/token [omitted]
[debug] [2023-12-28T08:06:33.589Z] *** [apiv2] error from fetch(https://www.googleapis.com/oauth2/v3/token, {"headers":{},"method":"POST","body":{"_overheadLength":545,"_valueLength":212,"_valuesToMeasure":[],"writable":false,"readable":true,"dataSize":0,"maxDataSize":2097152,"pauseStreams":true,"_released":true,"_streams":[],"_currentStream":null,"_insideLoop":false,"_pendingNext":false,"_boundary":"--------------------------112074490454528401812800","_events":{},"_eventsCount":1}}): FetchError: request to https://www.googleapis.com/oauth2/v3/token failed, reason: getaddrinfo ENOTFOUND www.googleapis.com
[debug] [2023-12-28T08:06:33.589Z] Authentication Error: Your credentials are no longer valid. Please run firebase login --reauth

For CI servers and headless environments, generate a new token with firebase login:ci
[error] 
[error] Error: Assertion failed: resolving hosting target of a site with no site name or target name. This should have caused an error earlier
